2024-10-12 00:17:37,641 DEBUG [org.apache.ibatis.logging.LogFactory] Logging initialized using 'class org.apache.ibatis.logging.log4j2.Log4j2Impl' adapter.
2024-10-12 00:17:37,645 DEBUG [org.apache.ibatis.datasource.pooled.PooledDataSource] PooledDataSource forcefully closed/removed all connections.
2024-10-12 00:17:37,645 DEBUG [org.apache.ibatis.datasource.pooled.PooledDataSource] PooledDataSource forcefully closed/removed all connections.
2024-10-12 00:17:37,645 DEBUG [org.apache.ibatis.datasource.pooled.PooledDataSource] PooledDataSource forcefully closed/removed all connections.
2024-10-12 00:17:37,645 DEBUG [org.apache.ibatis.datasource.pooled.PooledDataSource] PooledDataSource forcefully closed/removed all connections.
2024-10-12 00:17:37,679 DEBUG [org.apache.ibatis.transaction.jdbc.JdbcTransaction] Opening JDBC Connection
2024-10-12 00:17:37,820 DEBUG [org.apache.ibatis.datasource.pooled.PooledDataSource] Created connection 771923297.
2024-10-12 00:17:37,820 DEBUG [org.apache.ibatis.transaction.jdbc.JdbcTransaction] Setting autocommit to false on JDBC Connection [com.mysql.cj.jdbc.ConnectionImpl@2e029d61]
2024-10-12 00:17:37,822 DEBUG [StudentMapper.selectList] ==>  Preparing: SELECT studno, name, userid, grade, idnum, birthdate, tel, height, weight, deptno, profno FROM student;
2024-10-12 00:17:37,832 DEBUG [StudentMapper.selectList] ==> Parameters: 
2024-10-12 00:17:37,847 DEBUG [StudentMapper.selectList] <==      Total: 15
2024-10-12 00:17:37,848 DEBUG [kr.gilju.servicelayer_ex.Professor02] ==================================
2024-10-12 00:17:37,848 DEBUG [kr.gilju.servicelayer_ex.Professor02] 학생학번: 10102
2024-10-12 00:17:37,848 DEBUG [kr.gilju.servicelayer_ex.Professor02] 학생이름: 박미경
2024-10-12 00:17:37,849 DEBUG [kr.gilju.servicelayer_ex.Professor02] 학생아이디: ansel414
2024-10-12 00:17:37,849 DEBUG [kr.gilju.servicelayer_ex.Professor02] 학년: 1
2024-10-12 00:17:37,849 DEBUG [kr.gilju.servicelayer_ex.Professor02] 주민번호: 8405162123648
2024-10-12 00:17:37,849 DEBUG [kr.gilju.servicelayer_ex.Professor02] 생일: 1984-05-16 00:00:00
2024-10-12 00:17:37,849 DEBUG [kr.gilju.servicelayer_ex.Professor02] 전화번호: 055)261-8947
2024-10-12 00:17:37,849 DEBUG [kr.gilju.servicelayer_ex.Professor02] 키: 168
2024-10-12 00:17:37,849 DEBUG [kr.gilju.servicelayer_ex.Professor02] 몸무게: 52
2024-10-12 00:17:37,849 DEBUG [kr.gilju.servicelayer_ex.Professor02] 학과: 101
2024-10-12 00:17:37,849 DEBUG [kr.gilju.servicelayer_ex.Professor02] 담당교수번호: null
2024-10-12 00:17:37,849 DEBUG [kr.gilju.servicelayer_ex.Professor02] -----------------------------------------
2024-10-12 00:17:37,850 DEBUG [kr.gilju.servicelayer_ex.Professor02] 학생학번: 10103
2024-10-12 00:17:37,850 DEBUG [kr.gilju.servicelayer_ex.Professor02] 학생이름: 김영균
2024-10-12 00:17:37,850 DEBUG [kr.gilju.servicelayer_ex.Professor02] 학생아이디: mandu
2024-10-12 00:17:37,850 DEBUG [kr.gilju.servicelayer_ex.Professor02] 학년: 3
2024-10-12 00:17:37,850 DEBUG [kr.gilju.servicelayer_ex.Professor02] 주민번호: 8103211063421
2024-10-12 00:17:37,850 DEBUG [kr.gilju.servicelayer_ex.Professor02] 생일: 1981-03-21 00:00:00
2024-10-12 00:17:37,850 DEBUG [kr.gilju.servicelayer_ex.Professor02] 전화번호: 051)824-9637
2024-10-12 00:17:37,850 DEBUG [kr.gilju.servicelayer_ex.Professor02] 키: 170
2024-10-12 00:17:37,850 DEBUG [kr.gilju.servicelayer_ex.Professor02] 몸무게: 88
2024-10-12 00:17:37,850 DEBUG [kr.gilju.servicelayer_ex.Professor02] 학과: 101
2024-10-12 00:17:37,850 DEBUG [kr.gilju.servicelayer_ex.Professor02] 담당교수번호: 9906
2024-10-12 00:17:37,850 DEBUG [kr.gilju.servicelayer_ex.Professor02] -----------------------------------------
2024-10-12 00:17:37,850 DEBUG [kr.gilju.servicelayer_ex.Professor02] 학생학번: 10104
2024-10-12 00:17:37,851 DEBUG [kr.gilju.servicelayer_ex.Professor02] 학생이름: 지은경
2024-10-12 00:17:37,851 DEBUG [kr.gilju.servicelayer_ex.Professor02] 학생아이디: gomo00
2024-10-12 00:17:37,851 DEBUG [kr.gilju.servicelayer_ex.Professor02] 학년: 2
2024-10-12 00:17:37,851 DEBUG [kr.gilju.servicelayer_ex.Professor02] 주민번호: 8004122298371
2024-10-12 00:17:37,851 DEBUG [kr.gilju.servicelayer_ex.Professor02] 생일: 1980-04-12 00:00:00
2024-10-12 00:17:37,851 DEBUG [kr.gilju.servicelayer_ex.Professor02] 전화번호: 055)418-9627
2024-10-12 00:17:37,851 DEBUG [kr.gilju.servicelayer_ex.Professor02] 키: 161
2024-10-12 00:17:37,851 DEBUG [kr.gilju.servicelayer_ex.Professor02] 몸무게: 42
2024-10-12 00:17:37,851 DEBUG [kr.gilju.servicelayer_ex.Professor02] 학과: 101
2024-10-12 00:17:37,851 DEBUG [kr.gilju.servicelayer_ex.Professor02] 담당교수번호: 9907
2024-10-12 00:17:37,851 DEBUG [kr.gilju.servicelayer_ex.Professor02] -----------------------------------------
2024-10-12 00:17:37,851 DEBUG [kr.gilju.servicelayer_ex.Professor02] 학생학번: 10105
2024-10-12 00:17:37,851 DEBUG [kr.gilju.servicelayer_ex.Professor02] 학생이름: 임유진
2024-10-12 00:17:37,851 DEBUG [kr.gilju.servicelayer_ex.Professor02] 학생아이디: youjin12
2024-10-12 00:17:37,852 DEBUG [kr.gilju.servicelayer_ex.Professor02] 학년: 2
2024-10-12 00:17:37,852 DEBUG [kr.gilju.servicelayer_ex.Professor02] 주민번호: 8301212196482
2024-10-12 00:17:37,852 DEBUG [kr.gilju.servicelayer_ex.Professor02] 생일: 1983-01-21 00:00:00
2024-10-12 00:17:37,852 DEBUG [kr.gilju.servicelayer_ex.Professor02] 전화번호: 02)312-9838
2024-10-12 00:17:37,852 DEBUG [kr.gilju.servicelayer_ex.Professor02] 키: 171
2024-10-12 00:17:37,852 DEBUG [kr.gilju.servicelayer_ex.Professor02] 몸무게: 54
2024-10-12 00:17:37,852 DEBUG [kr.gilju.servicelayer_ex.Professor02] 학과: 101
2024-10-12 00:17:37,852 DEBUG [kr.gilju.servicelayer_ex.Professor02] 담당교수번호: 9907
2024-10-12 00:17:37,852 DEBUG [kr.gilju.servicelayer_ex.Professor02] -----------------------------------------
2024-10-12 00:17:37,852 DEBUG [kr.gilju.servicelayer_ex.Professor02] 학생학번: 10106
2024-10-12 00:17:37,852 DEBUG [kr.gilju.servicelayer_ex.Professor02] 학생이름: 서재진
2024-10-12 00:17:37,852 DEBUG [kr.gilju.servicelayer_ex.Professor02] 학생아이디: seolly
2024-10-12 00:17:37,852 DEBUG [kr.gilju.servicelayer_ex.Professor02] 학년: 1
2024-10-12 00:17:37,853 DEBUG [kr.gilju.servicelayer_ex.Professor02] 주민번호: 8511291186273
2024-10-12 00:17:37,853 DEBUG [kr.gilju.servicelayer_ex.Professor02] 생일: 1985-11-29 00:00:00
2024-10-12 00:17:37,853 DEBUG [kr.gilju.servicelayer_ex.Professor02] 전화번호: 051)239-4861
2024-10-12 00:17:37,853 DEBUG [kr.gilju.servicelayer_ex.Professor02] 키: 186
2024-10-12 00:17:37,853 DEBUG [kr.gilju.servicelayer_ex.Professor02] 몸무게: 72
2024-10-12 00:17:37,853 DEBUG [kr.gilju.servicelayer_ex.Professor02] 학과: 101
2024-10-12 00:17:37,853 DEBUG [kr.gilju.servicelayer_ex.Professor02] 담당교수번호: null
2024-10-12 00:17:37,853 DEBUG [kr.gilju.servicelayer_ex.Professor02] -----------------------------------------
2024-10-12 00:17:37,853 DEBUG [kr.gilju.servicelayer_ex.Professor02] 학생학번: 10107
2024-10-12 00:17:37,853 DEBUG [kr.gilju.servicelayer_ex.Professor02] 학생이름: 이광훈
2024-10-12 00:17:37,853 DEBUG [kr.gilju.servicelayer_ex.Professor02] 학생아이디: huriky
2024-10-12 00:17:37,853 DEBUG [kr.gilju.servicelayer_ex.Professor02] 학년: 4
2024-10-12 00:17:37,853 DEBUG [kr.gilju.servicelayer_ex.Professor02] 주민번호: 8109131276431
2024-10-12 00:17:37,853 DEBUG [kr.gilju.servicelayer_ex.Professor02] 생일: 1981-09-13 00:00:00
2024-10-12 00:17:37,853 DEBUG [kr.gilju.servicelayer_ex.Professor02] 전화번호: 055)736-4981
2024-10-12 00:17:37,853 DEBUG [kr.gilju.servicelayer_ex.Professor02] 키: 175
2024-10-12 00:17:37,854 DEBUG [kr.gilju.servicelayer_ex.Professor02] 몸무게: 92
2024-10-12 00:17:37,854 DEBUG [kr.gilju.servicelayer_ex.Professor02] 학과: 101
2024-10-12 00:17:37,854 DEBUG [kr.gilju.servicelayer_ex.Professor02] 담당교수번호: 9903
2024-10-12 00:17:37,854 DEBUG [kr.gilju.servicelayer_ex.Professor02] -----------------------------------------
2024-10-12 00:17:37,854 DEBUG [kr.gilju.servicelayer_ex.Professor02] 학생학번: 10108
2024-10-12 00:17:37,854 DEBUG [kr.gilju.servicelayer_ex.Professor02] 학생이름: 류민정
2024-10-12 00:17:37,854 DEBUG [kr.gilju.servicelayer_ex.Professor02] 학생아이디: cleansky
2024-10-12 00:17:37,854 DEBUG [kr.gilju.servicelayer_ex.Professor02] 학년: 2
2024-10-12 00:17:37,854 DEBUG [kr.gilju.servicelayer_ex.Professor02] 주민번호: 8108192157498
2024-10-12 00:17:37,854 DEBUG [kr.gilju.servicelayer_ex.Professor02] 생일: 1981-08-19 00:00:00
2024-10-12 00:17:37,854 DEBUG [kr.gilju.servicelayer_ex.Professor02] 전화번호: 055)248-3679
2024-10-12 00:17:37,854 DEBUG [kr.gilju.servicelayer_ex.Professor02] 키: 162
2024-10-12 00:17:37,854 DEBUG [kr.gilju.servicelayer_ex.Professor02] 몸무게: 72
2024-10-12 00:17:37,854 DEBUG [kr.gilju.servicelayer_ex.Professor02] 학과: 101
2024-10-12 00:17:37,854 DEBUG [kr.gilju.servicelayer_ex.Professor02] 담당교수번호: 9907
2024-10-12 00:17:37,854 DEBUG [kr.gilju.servicelayer_ex.Professor02] -----------------------------------------
2024-10-12 00:17:37,854 DEBUG [kr.gilju.servicelayer_ex.Professor02] 학생학번: 10201
2024-10-12 00:17:37,855 DEBUG [kr.gilju.servicelayer_ex.Professor02] 학생이름: 김진영
2024-10-12 00:17:37,855 DEBUG [kr.gilju.servicelayer_ex.Professor02] 학생아이디: simply
2024-10-12 00:17:37,855 DEBUG [kr.gilju.servicelayer_ex.Professor02] 학년: 2
2024-10-12 00:17:37,855 DEBUG [kr.gilju.servicelayer_ex.Professor02] 주민번호: 8206062186327
2024-10-12 00:17:37,855 DEBUG [kr.gilju.servicelayer_ex.Professor02] 생일: 1982-06-06 00:00:00
2024-10-12 00:17:37,855 DEBUG [kr.gilju.servicelayer_ex.Professor02] 전화번호: 055)419-6328
2024-10-12 00:17:37,855 DEBUG [kr.gilju.servicelayer_ex.Professor02] 키: 164
2024-10-12 00:17:37,855 DEBUG [kr.gilju.servicelayer_ex.Professor02] 몸무게: 48
2024-10-12 00:17:37,855 DEBUG [kr.gilju.servicelayer_ex.Professor02] 학과: 102
2024-10-12 00:17:37,855 DEBUG [kr.gilju.servicelayer_ex.Professor02] 담당교수번호: 9905
2024-10-12 00:17:37,855 DEBUG [kr.gilju.servicelayer_ex.Professor02] -----------------------------------------
2024-10-12 00:17:37,855 DEBUG [kr.gilju.servicelayer_ex.Professor02] 학생학번: 10202
2024-10-12 00:17:37,855 DEBUG [kr.gilju.servicelayer_ex.Professor02] 학생이름: 오유석
2024-10-12 00:17:37,855 DEBUG [kr.gilju.servicelayer_ex.Professor02] 학생아이디: yousuk
2024-10-12 00:17:37,855 DEBUG [kr.gilju.servicelayer_ex.Professor02] 학년: 4
2024-10-12 00:17:37,855 DEBUG [kr.gilju.servicelayer_ex.Professor02] 주민번호: 7709121128379
2024-10-12 00:17:37,855 DEBUG [kr.gilju.servicelayer_ex.Professor02] 생일: 1977-09-12 00:00:00
2024-10-12 00:17:37,856 DEBUG [kr.gilju.servicelayer_ex.Professor02] 전화번호: 051)724-9618
2024-10-12 00:17:37,856 DEBUG [kr.gilju.servicelayer_ex.Professor02] 키: 177
2024-10-12 00:17:37,856 DEBUG [kr.gilju.servicelayer_ex.Professor02] 몸무게: 92
2024-10-12 00:17:37,856 DEBUG [kr.gilju.servicelayer_ex.Professor02] 학과: 102
2024-10-12 00:17:37,856 DEBUG [kr.gilju.servicelayer_ex.Professor02] 담당교수번호: 9905
2024-10-12 00:17:37,856 DEBUG [kr.gilju.servicelayer_ex.Professor02] -----------------------------------------
2024-10-12 00:17:37,856 DEBUG [kr.gilju.servicelayer_ex.Professor02] 학생학번: 10203
2024-10-12 00:17:37,856 DEBUG [kr.gilju.servicelayer_ex.Professor02] 학생이름: 하나리
2024-10-12 00:17:37,856 DEBUG [kr.gilju.servicelayer_ex.Professor02] 학생아이디: hanal
2024-10-12 00:17:37,856 DEBUG [kr.gilju.servicelayer_ex.Professor02] 학년: 1
2024-10-12 00:17:37,856 DEBUG [kr.gilju.servicelayer_ex.Professor02] 주민번호: 8501092378641
2024-10-12 00:17:37,856 DEBUG [kr.gilju.servicelayer_ex.Professor02] 생일: 1985-01-09 00:00:00
2024-10-12 00:17:37,856 DEBUG [kr.gilju.servicelayer_ex.Professor02] 전화번호: 055)296-3784
2024-10-12 00:17:37,856 DEBUG [kr.gilju.servicelayer_ex.Professor02] 키: 160
2024-10-12 00:17:37,856 DEBUG [kr.gilju.servicelayer_ex.Professor02] 몸무게: 68
2024-10-12 00:17:37,856 DEBUG [kr.gilju.servicelayer_ex.Professor02] 학과: 102
2024-10-12 00:17:37,857 DEBUG [kr.gilju.servicelayer_ex.Professor02] 담당교수번호: null
2024-10-12 00:17:37,857 DEBUG [kr.gilju.servicelayer_ex.Professor02] -----------------------------------------
2024-10-12 00:17:37,857 DEBUG [kr.gilju.servicelayer_ex.Professor02] 학생학번: 10204
2024-10-12 00:17:37,857 DEBUG [kr.gilju.servicelayer_ex.Professor02] 학생이름: 윤진욱
2024-10-12 00:17:37,857 DEBUG [kr.gilju.servicelayer_ex.Professor02] 학생아이디: samba7
2024-10-12 00:17:37,857 DEBUG [kr.gilju.servicelayer_ex.Professor02] 학년: 3
2024-10-12 00:17:37,857 DEBUG [kr.gilju.servicelayer_ex.Professor02] 주민번호: 7904021358671
2024-10-12 00:17:37,857 DEBUG [kr.gilju.servicelayer_ex.Professor02] 생일: 1979-04-02 00:00:00
2024-10-12 00:17:37,857 DEBUG [kr.gilju.servicelayer_ex.Professor02] 전화번호: 053)487-2698
2024-10-12 00:17:37,857 DEBUG [kr.gilju.servicelayer_ex.Professor02] 키: 171
2024-10-12 00:17:37,857 DEBUG [kr.gilju.servicelayer_ex.Professor02] 몸무게: 70
2024-10-12 00:17:37,857 DEBUG [kr.gilju.servicelayer_ex.Professor02] 학과: 102
2024-10-12 00:17:37,857 DEBUG [kr.gilju.servicelayer_ex.Professor02] 담당교수번호: 9905
2024-10-12 00:17:37,857 DEBUG [kr.gilju.servicelayer_ex.Professor02] -----------------------------------------
2024-10-12 00:17:37,857 DEBUG [kr.gilju.servicelayer_ex.Professor02] 학생학번: 20101
2024-10-12 00:17:37,857 DEBUG [kr.gilju.servicelayer_ex.Professor02] 학생이름: 이동훈
2024-10-12 00:17:37,857 DEBUG [kr.gilju.servicelayer_ex.Professor02] 학생아이디: dals
2024-10-12 00:17:37,857 DEBUG [kr.gilju.servicelayer_ex.Professor02] 학년: 1
2024-10-12 00:17:37,857 DEBUG [kr.gilju.servicelayer_ex.Professor02] 주민번호: 8312101128467
2024-10-12 00:17:37,858 DEBUG [kr.gilju.servicelayer_ex.Professor02] 생일: 1983-12-10 00:00:00
2024-10-12 00:17:37,858 DEBUG [kr.gilju.servicelayer_ex.Professor02] 전화번호: 055)426-1752
2024-10-12 00:17:37,858 DEBUG [kr.gilju.servicelayer_ex.Professor02] 키: 172
2024-10-12 00:17:37,858 DEBUG [kr.gilju.servicelayer_ex.Professor02] 몸무게: 64
2024-10-12 00:17:37,858 DEBUG [kr.gilju.servicelayer_ex.Professor02] 학과: 201
2024-10-12 00:17:37,858 DEBUG [kr.gilju.servicelayer_ex.Professor02] 담당교수번호: null
2024-10-12 00:17:37,858 DEBUG [kr.gilju.servicelayer_ex.Professor02] -----------------------------------------
2024-10-12 00:17:37,858 DEBUG [kr.gilju.servicelayer_ex.Professor02] 학생학번: 20102
2024-10-12 00:17:37,858 DEBUG [kr.gilju.servicelayer_ex.Professor02] 학생이름: 박동진
2024-10-12 00:17:37,858 DEBUG [kr.gilju.servicelayer_ex.Professor02] 학생아이디: ping2
2024-10-12 00:17:37,858 DEBUG [kr.gilju.servicelayer_ex.Professor02] 학년: 1
2024-10-12 00:17:37,858 DEBUG [kr.gilju.servicelayer_ex.Professor02] 주민번호: 8511241639826
2024-10-12 00:17:37,858 DEBUG [kr.gilju.servicelayer_ex.Professor02] 생일: 1985-11-24 00:00:00
2024-10-12 00:17:37,858 DEBUG [kr.gilju.servicelayer_ex.Professor02] 전화번호: 051)742-6384
2024-10-12 00:17:37,858 DEBUG [kr.gilju.servicelayer_ex.Professor02] 키: 182
2024-10-12 00:17:37,858 DEBUG [kr.gilju.servicelayer_ex.Professor02] 몸무게: 70
2024-10-12 00:17:37,858 DEBUG [kr.gilju.servicelayer_ex.Professor02] 학과: 201
2024-10-12 00:17:37,858 DEBUG [kr.gilju.servicelayer_ex.Professor02] 담당교수번호: null
2024-10-12 00:17:37,858 DEBUG [kr.gilju.servicelayer_ex.Professor02] -----------------------------------------
2024-10-12 00:17:37,858 DEBUG [kr.gilju.servicelayer_ex.Professor02] 학생학번: 20103
2024-10-12 00:17:37,859 DEBUG [kr.gilju.servicelayer_ex.Professor02] 학생이름: 김진경
2024-10-12 00:17:37,859 DEBUG [kr.gilju.servicelayer_ex.Professor02] 학생아이디: lovely
2024-10-12 00:17:37,859 DEBUG [kr.gilju.servicelayer_ex.Professor02] 학년: 2
2024-10-12 00:17:37,859 DEBUG [kr.gilju.servicelayer_ex.Professor02] 주민번호: 8302282169387
2024-10-12 00:17:37,859 DEBUG [kr.gilju.servicelayer_ex.Professor02] 생일: 1983-02-28 00:00:00
2024-10-12 00:17:37,859 DEBUG [kr.gilju.servicelayer_ex.Professor02] 전화번호: 052)175-3941
2024-10-12 00:17:37,859 DEBUG [kr.gilju.servicelayer_ex.Professor02] 키: 166
2024-10-12 00:17:37,859 DEBUG [kr.gilju.servicelayer_ex.Professor02] 몸무게: 51
2024-10-12 00:17:37,859 DEBUG [kr.gilju.servicelayer_ex.Professor02] 학과: 201
2024-10-12 00:17:37,859 DEBUG [kr.gilju.servicelayer_ex.Professor02] 담당교수번호: 9902
2024-10-12 00:17:37,859 DEBUG [kr.gilju.servicelayer_ex.Professor02] -----------------------------------------
2024-10-12 00:17:37,859 DEBUG [kr.gilju.servicelayer_ex.Professor02] 학생학번: 20106
2024-10-12 00:17:37,859 DEBUG [kr.gilju.servicelayer_ex.Professor02] 학생이름: 메가스터디
2024-10-12 00:17:37,859 DEBUG [kr.gilju.servicelayer_ex.Professor02] 학생아이디: 스터디
2024-10-12 00:17:37,859 DEBUG [kr.gilju.servicelayer_ex.Professor02] 학년: 3
2024-10-12 00:17:37,859 DEBUG [kr.gilju.servicelayer_ex.Professor02] 주민번호: 9003451234567
2024-10-12 00:17:37,859 DEBUG [kr.gilju.servicelayer_ex.Professor02] 생일: 1990-03-23 00:00:00
2024-10-12 00:17:37,859 DEBUG [kr.gilju.servicelayer_ex.Professor02] 전화번호: 01034567890
2024-10-12 00:17:37,859 DEBUG [kr.gilju.servicelayer_ex.Professor02] 키: 189
2024-10-12 00:17:37,859 DEBUG [kr.gilju.servicelayer_ex.Professor02] 몸무게: 88
2024-10-12 00:17:37,859 DEBUG [kr.gilju.servicelayer_ex.Professor02] 학과: 202
2024-10-12 00:17:37,860 DEBUG [kr.gilju.servicelayer_ex.Professor02] 담당교수번호: 9918
2024-10-12 00:17:37,860 DEBUG [kr.gilju.servicelayer_ex.Professor02] ==========================================
2024-10-12 00:17:37,860 DEBUG [org.apache.ibatis.transaction.jdbc.JdbcTransaction] Resetting autocommit to true on JDBC Connection [com.mysql.cj.jdbc.ConnectionImpl@2e029d61]
2024-10-12 00:17:37,860 DEBUG [org.apache.ibatis.transaction.jdbc.JdbcTransaction] Closing JDBC Connection [com.mysql.cj.jdbc.ConnectionImpl@2e029d61]
2024-10-12 00:17:37,860 DEBUG [org.apache.ibatis.datasource.pooled.PooledDataSource] Returned connection 771923297 to pool.
